Determining if the pthread_create exist failed with the following output:
Change Dir: /usr/users/promo2018/zhou_fen/catkin_ws/build/acquisition_biosemi/CMakeFiles/CMakeTmp

Run Build Command:"/usr/bin/make" "cmTC_f8190/fast"
/usr/bin/make -f CMakeFiles/cmTC_f8190.dir/build.make CMakeFiles/cmTC_f8190.dir/build
make[1] : on entre dans le répertoire « /usr/users/promo2018/zhou_fen/catkin_ws/build/acquisition_biosemi/CMakeFiles/CMakeTmp »
Building C object CMakeFiles/cmTC_f8190.dir/CheckSymbolExists.c.o
/usr/bin/cc     -o CMakeFiles/cmTC_f8190.dir/CheckSymbolExists.c.o   -c /usr/users/promo2018/zhou_fen/catkin_ws/build/acquisition_biosemi/CMakeFiles/CMakeTmp/CheckSymbolExists.c
Linking C executable cmTC_f8190
/usr/bin/cmake -E cmake_link_script CMakeFiles/cmTC_f8190.dir/link.txt --verbose=1
/usr/bin/cc       CMakeFiles/cmTC_f8190.dir/CheckSymbolExists.c.o  -o cmTC_f8190 -rdynamic 
CMakeFiles/cmTC_f8190.dir/CheckSymbolExists.c.o : Dans la fonction « main » :
CheckSymbolExists.c:(.text+0x16) : référence indéfinie vers « pthread_create »
collect2: error: ld returned 1 exit status
CMakeFiles/cmTC_f8190.dir/build.make:97 : la recette pour la cible « cmTC_f8190 » a échouée
make[1]: *** [cmTC_f8190] Erreur 1
make[1] : on quitte le répertoire « /usr/users/promo2018/zhou_fen/catkin_ws/build/acquisition_biosemi/CMakeFiles/CMakeTmp »
Makefile:126 : la recette pour la cible « cmTC_f8190/fast » a échouée
make: *** [cmTC_f8190/fast] Erreur 2

File /usr/users/promo2018/zhou_fen/catkin_ws/build/acquisition_biosemi/CMakeFiles/CMakeTmp/CheckSymbolExists.c:
/* */
#include <pthread.h>

int main(int argc, char** argv)
{
  (void)argv;
#ifndef pthread_create
  return ((int*)(&pthread_create))[argc];
#else
  (void)argc;
  return 0;
#endif
}

Determining if the function pthread_create exists in the pthreads failed with the following output:
Change Dir: /usr/users/promo2018/zhou_fen/catkin_ws/build/acquisition_biosemi/CMakeFiles/CMakeTmp

Run Build Command:"/usr/bin/make" "cmTC_9e563/fast"
/usr/bin/make -f CMakeFiles/cmTC_9e563.dir/build.make CMakeFiles/cmTC_9e563.dir/build
make[1] : on entre dans le répertoire « /usr/users/promo2018/zhou_fen/catkin_ws/build/acquisition_biosemi/CMakeFiles/CMakeTmp »
make[1]: Avertissement : le fichier « CMakeFiles/cmTC_9e563.dir/progress.make » a une date de modification 0,043 s dans le futur
Building C object CMakeFiles/cmTC_9e563.dir/CheckFunctionExists.c.o
/usr/bin/cc    -DCHECK_FUNCTION_EXISTS=pthread_create   -o CMakeFiles/cmTC_9e563.dir/CheckFunctionExists.c.o   -c /usr/share/cmake-3.5/Modules/CheckFunctionExists.c
Linking C executable cmTC_9e563
/usr/bin/cmake -E cmake_link_script CMakeFiles/cmTC_9e563.dir/link.txt --verbose=1
/usr/bin/cc   -DCHECK_FUNCTION_EXISTS=pthread_create    CMakeFiles/cmTC_9e563.dir/CheckFunctionExists.c.o  -o cmTC_9e563 -rdynamic -lpthreads 
/usr/bin/ld : ne peut trouver -lpthreads
collect2: error: ld returned 1 exit status
CMakeFiles/cmTC_9e563.dir/build.make:97 : la recette pour la cible « cmTC_9e563 » a échouée
make[1]: *** [cmTC_9e563] Erreur 1
make[1] : on quitte le répertoire « /usr/users/promo2018/zhou_fen/catkin_ws/build/acquisition_biosemi/CMakeFiles/CMakeTmp »
Makefile:126 : la recette pour la cible « cmTC_9e563/fast » a échouée
make: *** [cmTC_9e563/fast] Erreur 2


