Not searching for unused variables given on the command line.
[36m--[0m Using CATKIN_DEVEL_PREFIX: /usr/users/promo2018/zhou_fen/catkin_ws/devel/.private/koala_driver
[36m--[0m Using CMAKE_PREFIX_PATH: /usr/users/promo2018/zhou_fen/catkin_ws/devel;/opt/ros/kinetic
[36m--[0m This workspace overlays: /usr/users/promo2018/zhou_fen/catkin_ws/devel;/opt/ros/kinetic
[36m--[0m Using PYTHON_EXECUTABLE: /usr/bin/python
[36m--[0m Using Debian Python package layout
[36m--[0m Using empy: /usr/bin/empy
[36m--[0m Using CATKIN_ENABLE_TESTING: ON
[36m--[0m Call enable_testing()
[36m--[0m Using CATKIN_TEST_RESULTS_DIR: /usr/users/promo2018/zhou_fen/catkin_ws/build/koala_driver/test_results
[36m--[0m Found gtest sources under '/usr/src/gtest': gtests will be built
[36m--[0m Using Python nosetests: /usr/bin/nosetests-2.7
[36m--[0m catkin 0.7.6
[36m--[0m Checking for module 'ktprot'
[36m--[0m   No package 'ktprot' found
[31m[1mCMake Error[0m at /usr/share/cmake-3.5/Modules/FindPkgConfig.cmake:367 (message):
  A required package was not found
[36mCall Stack (most recent call first):[0m
  /usr/share/cmake-3.5/Modules/FindPkgConfig.cmake:532 (_pkg_check_modules_internal)
  CMakeLists.txt:10 (pkg_check_modules)


[36m--[0m Configuring incomplete, errors occurred!
See also "/usr/users/promo2018/zhou_fen/catkin_ws/build/koala_driver/CMakeFiles/CMakeOutput.log".
See also "/usr/users/promo2018/zhou_fen/catkin_ws/build/koala_driver/CMakeFiles/CMakeError.log".
