Determining if the pthread_create exist failed with the following output:
Change Dir: /usr/users/promo2018/zhou_fen/catkin_ws/build/koala_description/CMakeFiles/CMakeTmp

Run Build Command:"/usr/bin/make" "cmTC_12f81/fast"
/usr/bin/make -f CMakeFiles/cmTC_12f81.dir/build.make CMakeFiles/cmTC_12f81.dir/build
make[1] : on entre dans le répertoire « /usr/users/promo2018/zhou_fen/catkin_ws/build/koala_description/CMakeFiles/CMakeTmp »
make[1]: Avertissement : le fichier « CMakeFiles/cmTC_12f81.dir/progress.make » a une date de modification 0,06 s dans le futur
Building C object CMakeFiles/cmTC_12f81.dir/CheckSymbolExists.c.o
/usr/bin/cc     -o CMakeFiles/cmTC_12f81.dir/CheckSymbolExists.c.o   -c /usr/users/promo2018/zhou_fen/catkin_ws/build/koala_description/CMakeFiles/CMakeTmp/CheckSymbolExists.c
Linking C executable cmTC_12f81
/usr/bin/cmake -E cmake_link_script CMakeFiles/cmTC_12f81.dir/link.txt --verbose=1
/usr/bin/cc       CMakeFiles/cmTC_12f81.dir/CheckSymbolExists.c.o  -o cmTC_12f81 -rdynamic 
CMakeFiles/cmTC_12f81.dir/CheckSymbolExists.c.o : Dans la fonction « main » :
CheckSymbolExists.c:(.text+0x16) : référence indéfinie vers « pthread_create »
collect2: error: ld returned 1 exit status
CMakeFiles/cmTC_12f81.dir/build.make:97 : la recette pour la cible « cmTC_12f81 » a échouée
make[1]: *** [cmTC_12f81] Erreur 1
make[1] : on quitte le répertoire « /usr/users/promo2018/zhou_fen/catkin_ws/build/koala_description/CMakeFiles/CMakeTmp »
Makefile:126 : la recette pour la cible « cmTC_12f81/fast » a échouée
make: *** [cmTC_12f81/fast] Erreur 2

File /usr/users/promo2018/zhou_fen/catkin_ws/build/koala_description/CMakeFiles/CMakeTmp/CheckSymbolExists.c:
/* */
#include <pthread.h>

int main(int argc, char** argv)
{
  (void)argv;
#ifndef pthread_create
  return ((int*)(&pthread_create))[argc];
#else
  (void)argc;
  return 0;
#endif
}

Determining if the function pthread_create exists in the pthreads failed with the following output:
Change Dir: /usr/users/promo2018/zhou_fen/catkin_ws/build/koala_description/CMakeFiles/CMakeTmp

Run Build Command:"/usr/bin/make" "cmTC_d6efc/fast"
/usr/bin/make -f CMakeFiles/cmTC_d6efc.dir/build.make CMakeFiles/cmTC_d6efc.dir/build
make[1] : on entre dans le répertoire « /usr/users/promo2018/zhou_fen/catkin_ws/build/koala_description/CMakeFiles/CMakeTmp »
Building C object CMakeFiles/cmTC_d6efc.dir/CheckFunctionExists.c.o
/usr/bin/cc    -DCHECK_FUNCTION_EXISTS=pthread_create   -o CMakeFiles/cmTC_d6efc.dir/CheckFunctionExists.c.o   -c /usr/share/cmake-3.5/Modules/CheckFunctionExists.c
Linking C executable cmTC_d6efc
/usr/bin/cmake -E cmake_link_script CMakeFiles/cmTC_d6efc.dir/link.txt --verbose=1
/usr/bin/cc   -DCHECK_FUNCTION_EXISTS=pthread_create    CMakeFiles/cmTC_d6efc.dir/CheckFunctionExists.c.o  -o cmTC_d6efc -rdynamic -lpthreads 
/usr/bin/ld : ne peut trouver -lpthreads
collect2: error: ld returned 1 exit status
CMakeFiles/cmTC_d6efc.dir/build.make:97 : la recette pour la cible « cmTC_d6efc » a échouée
make[1]: *** [cmTC_d6efc] Erreur 1
make[1] : on quitte le répertoire « /usr/users/promo2018/zhou_fen/catkin_ws/build/koala_description/CMakeFiles/CMakeTmp »
Makefile:126 : la recette pour la cible « cmTC_d6efc/fast » a échouée
make: *** [cmTC_d6efc/fast] Erreur 2


