Linked: (/usr/users/promo2018/zhou_fen/catkin_ws/devel/.private/acquisition_biosemi/share/acquisition_biosemi/cmake/acquisition_biosemiConfig-version.cmake, /usr/users/promo2018/zhou_fen/catkin_ws/devel/share/acquisition_biosemi/cmake/acquisition_biosemiConfig-version.cmake)
Linked: (/usr/users/promo2018/zhou_fen/catkin_ws/devel/.private/acquisition_biosemi/share/acquisition_biosemi/cmake/acquisition_biosemi-msg-paths.cmake, /usr/users/promo2018/zhou_fen/catkin_ws/devel/share/acquisition_biosemi/cmake/acquisition_biosemi-msg-paths.cmake)
Linked: (/usr/users/promo2018/zhou_fen/catkin_ws/devel/.private/acquisition_biosemi/share/acquisition_biosemi/cmake/acquisition_biosemi-msg-extras.cmake, /usr/users/promo2018/zhou_fen/catkin_ws/devel/share/acquisition_biosemi/cmake/acquisition_biosemi-msg-extras.cmake)
Linked: (/usr/users/promo2018/zhou_fen/catkin_ws/devel/.private/acquisition_biosemi/share/acquisition_biosemi/cmake/acquisition_biosemiConfig.cmake, /usr/users/promo2018/zhou_fen/catkin_ws/devel/share/acquisition_biosemi/cmake/acquisition_biosemiConfig.cmake)
Linked: (/usr/users/promo2018/zhou_fen/catkin_ws/devel/.private/acquisition_biosemi/share/roseus/ros/acquisition_biosemi/manifest.l, /usr/users/promo2018/zhou_fen/catkin_ws/devel/share/roseus/ros/acquisition_biosemi/manifest.l)
Linked: (/usr/users/promo2018/zhou_fen/catkin_ws/devel/.private/acquisition_biosemi/share/roseus/ros/acquisition_biosemi/msg/biosemi_result.l, /usr/users/promo2018/zhou_fen/catkin_ws/devel/share/roseus/ros/acquisition_biosemi/msg/biosemi_result.l)
Linked: (/usr/users/promo2018/zhou_fen/catkin_ws/devel/.private/acquisition_biosemi/share/roseus/ros/acquisition_biosemi/msg/biosemi_echantillon.l, /usr/users/promo2018/zhou_fen/catkin_ws/devel/share/roseus/ros/acquisition_biosemi/msg/biosemi_echantillon.l)
Linked: (/usr/users/promo2018/zhou_fen/catkin_ws/devel/.private/acquisition_biosemi/share/common-lisp/ros/acquisition_biosemi/msg/biosemi_result.lisp, /usr/users/promo2018/zhou_fen/catkin_ws/devel/share/common-lisp/ros/acquisition_biosemi/msg/biosemi_result.lisp)
Linked: (/usr/users/promo2018/zhou_fen/catkin_ws/devel/.private/acquisition_biosemi/share/common-lisp/ros/acquisition_biosemi/msg/_package_biosemi_result.lisp, /usr/users/promo2018/zhou_fen/catkin_ws/devel/share/common-lisp/ros/acquisition_biosemi/msg/_package_biosemi_result.lisp)
Linked: (/usr/users/promo2018/zhou_fen/catkin_ws/devel/.private/acquisition_biosemi/share/common-lisp/ros/acquisition_biosemi/msg/_package.lisp, /usr/users/promo2018/zhou_fen/catkin_ws/devel/share/common-lisp/ros/acquisition_biosemi/msg/_package.lisp)
Linked: (/usr/users/promo2018/zhou_fen/catkin_ws/devel/.private/acquisition_biosemi/share/common-lisp/ros/acquisition_biosemi/msg/acquisition_biosemi-msg.asd, /usr/users/promo2018/zhou_fen/catkin_ws/devel/share/common-lisp/ros/acquisition_biosemi/msg/acquisition_biosemi-msg.asd)
Linked: (/usr/users/promo2018/zhou_fen/catkin_ws/devel/.private/acquisition_biosemi/share/common-lisp/ros/acquisition_biosemi/msg/biosemi_echantillon.lisp, /usr/users/promo2018/zhou_fen/catkin_ws/devel/share/common-lisp/ros/acquisition_biosemi/msg/biosemi_echantillon.lisp)
Linked: (/usr/users/promo2018/zhou_fen/catkin_ws/devel/.private/acquisition_biosemi/share/common-lisp/ros/acquisition_biosemi/msg/_package_biosemi_echantillon.lisp, /usr/users/promo2018/zhou_fen/catkin_ws/devel/share/common-lisp/ros/acquisition_biosemi/msg/_package_biosemi_echantillon.lisp)
Linked: (/usr/users/promo2018/zhou_fen/catkin_ws/devel/.private/acquisition_biosemi/share/gennodejs/ros/acquisition_biosemi/_index.js, /usr/users/promo2018/zhou_fen/catkin_ws/devel/share/gennodejs/ros/acquisition_biosemi/_index.js)
Linked: (/usr/users/promo2018/zhou_fen/catkin_ws/devel/.private/acquisition_biosemi/share/gennodejs/ros/acquisition_biosemi/msg/biosemi_result.js, /usr/users/promo2018/zhou_fen/catkin_ws/devel/share/gennodejs/ros/acquisition_biosemi/msg/biosemi_result.js)
Linked: (/usr/users/promo2018/zhou_fen/catkin_ws/devel/.private/acquisition_biosemi/share/gennodejs/ros/acquisition_biosemi/msg/_index.js, /usr/users/promo2018/zhou_fen/catkin_ws/devel/share/gennodejs/ros/acquisition_biosemi/msg/_index.js)
Linked: (/usr/users/promo2018/zhou_fen/catkin_ws/devel/.private/acquisition_biosemi/share/gennodejs/ros/acquisition_biosemi/msg/biosemi_echantillon.js, /usr/users/promo2018/zhou_fen/catkin_ws/devel/share/gennodejs/ros/acquisition_biosemi/msg/biosemi_echantillon.js)
Linked: (/usr/users/promo2018/zhou_fen/catkin_ws/devel/.private/acquisition_biosemi/include/acquisition_biosemi/biosemi_result.h, /usr/users/promo2018/zhou_fen/catkin_ws/devel/include/acquisition_biosemi/biosemi_result.h)
Linked: (/usr/users/promo2018/zhou_fen/catkin_ws/devel/.private/acquisition_biosemi/include/acquisition_biosemi/biosemi_echantillon.h, /usr/users/promo2018/zhou_fen/catkin_ws/devel/include/acquisition_biosemi/biosemi_echantillon.h)
Linked: (/usr/users/promo2018/zhou_fen/catkin_ws/devel/.private/acquisition_biosemi/lib/python2.7/dist-packages/acquisition_biosemi/__init__.py, /usr/users/promo2018/zhou_fen/catkin_ws/devel/lib/python2.7/dist-packages/acquisition_biosemi/__init__.py)
Linked: (/usr/users/promo2018/zhou_fen/catkin_ws/devel/.private/acquisition_biosemi/lib/python2.7/dist-packages/acquisition_biosemi/msg/_biosemi_result.py, /usr/users/promo2018/zhou_fen/catkin_ws/devel/lib/python2.7/dist-packages/acquisition_biosemi/msg/_biosemi_result.py)
Linked: (/usr/users/promo2018/zhou_fen/catkin_ws/devel/.private/acquisition_biosemi/lib/python2.7/dist-packages/acquisition_biosemi/msg/_biosemi_echantillon.py, /usr/users/promo2018/zhou_fen/catkin_ws/devel/lib/python2.7/dist-packages/acquisition_biosemi/msg/_biosemi_echantillon.py)
Linked: (/usr/users/promo2018/zhou_fen/catkin_ws/devel/.private/acquisition_biosemi/lib/python2.7/dist-packages/acquisition_biosemi/msg/__init__.py, /usr/users/promo2018/zhou_fen/catkin_ws/devel/lib/python2.7/dist-packages/acquisition_biosemi/msg/__init__.py)
Linked: (/usr/users/promo2018/zhou_fen/catkin_ws/devel/.private/acquisition_biosemi/lib/pkgconfig/acquisition_biosemi.pc, /usr/users/promo2018/zhou_fen/catkin_ws/devel/lib/pkgconfig/acquisition_biosemi.pc)
Linked: (/usr/users/promo2018/zhou_fen/catkin_ws/devel/.private/acquisition_biosemi/lib/acquisition_biosemi/biosemi_simul, /usr/users/promo2018/zhou_fen/catkin_ws/devel/lib/acquisition_biosemi/biosemi_simul)
Linked: (/usr/users/promo2018/zhou_fen/catkin_ws/devel/.private/acquisition_biosemi/lib/acquisition_biosemi/biosemi_talker, /usr/users/promo2018/zhou_fen/catkin_ws/devel/lib/acquisition_biosemi/biosemi_talker)
Linked: (/usr/users/promo2018/zhou_fen/catkin_ws/devel/.private/acquisition_biosemi/lib/acquisition_biosemi/biosemi_listener, /usr/users/promo2018/zhou_fen/catkin_ws/devel/lib/acquisition_biosemi/biosemi_listener)
