Determining if the pthread_create exist failed with the following output:
Change Dir: /usr/users/promo2018/zhou_fen/catkin_ws/build/carthoAuto/CMakeFiles/CMakeTmp

Run Build Command:"/usr/bin/make" "cmTC_d149c/fast"
/usr/bin/make -f CMakeFiles/cmTC_d149c.dir/build.make CMakeFiles/cmTC_d149c.dir/build
make[1] : on entre dans le répertoire « /usr/users/promo2018/zhou_fen/catkin_ws/build/carthoAuto/CMakeFiles/CMakeTmp »
Building C object CMakeFiles/cmTC_d149c.dir/CheckSymbolExists.c.o
/usr/bin/cc     -o CMakeFiles/cmTC_d149c.dir/CheckSymbolExists.c.o   -c /usr/users/promo2018/zhou_fen/catkin_ws/build/carthoAuto/CMakeFiles/CMakeTmp/CheckSymbolExists.c
Linking C executable cmTC_d149c
/usr/bin/cmake -E cmake_link_script CMakeFiles/cmTC_d149c.dir/link.txt --verbose=1
/usr/bin/cc       CMakeFiles/cmTC_d149c.dir/CheckSymbolExists.c.o  -o cmTC_d149c -rdynamic 
CMakeFiles/cmTC_d149c.dir/CheckSymbolExists.c.o : Dans la fonction « main » :
CheckSymbolExists.c:(.text+0x16) : référence indéfinie vers « pthread_create »
collect2: error: ld returned 1 exit status
CMakeFiles/cmTC_d149c.dir/build.make:97 : la recette pour la cible « cmTC_d149c » a échouée
make[1]: *** [cmTC_d149c] Erreur 1
make[1] : on quitte le répertoire « /usr/users/promo2018/zhou_fen/catkin_ws/build/carthoAuto/CMakeFiles/CMakeTmp »
Makefile:126 : la recette pour la cible « cmTC_d149c/fast » a échouée
make: *** [cmTC_d149c/fast] Erreur 2

File /usr/users/promo2018/zhou_fen/catkin_ws/build/carthoAuto/CMakeFiles/CMakeTmp/CheckSymbolExists.c:
/* */
#include <pthread.h>

int main(int argc, char** argv)
{
  (void)argv;
#ifndef pthread_create
  return ((int*)(&pthread_create))[argc];
#else
  (void)argc;
  return 0;
#endif
}

Determining if the function pthread_create exists in the pthreads failed with the following output:
Change Dir: /usr/users/promo2018/zhou_fen/catkin_ws/build/carthoAuto/CMakeFiles/CMakeTmp

Run Build Command:"/usr/bin/make" "cmTC_a7dd9/fast"
/usr/bin/make -f CMakeFiles/cmTC_a7dd9.dir/build.make CMakeFiles/cmTC_a7dd9.dir/build
make[1] : on entre dans le répertoire « /usr/users/promo2018/zhou_fen/catkin_ws/build/carthoAuto/CMakeFiles/CMakeTmp »
make[1]: Avertissement : le fichier « CMakeFiles/cmTC_a7dd9.dir/progress.make » a une date de modification 0,007 s dans le futur
Building C object CMakeFiles/cmTC_a7dd9.dir/CheckFunctionExists.c.o
/usr/bin/cc    -DCHECK_FUNCTION_EXISTS=pthread_create   -o CMakeFiles/cmTC_a7dd9.dir/CheckFunctionExists.c.o   -c /usr/share/cmake-3.5/Modules/CheckFunctionExists.c
Linking C executable cmTC_a7dd9
/usr/bin/cmake -E cmake_link_script CMakeFiles/cmTC_a7dd9.dir/link.txt --verbose=1
/usr/bin/cc   -DCHECK_FUNCTION_EXISTS=pthread_create    CMakeFiles/cmTC_a7dd9.dir/CheckFunctionExists.c.o  -o cmTC_a7dd9 -rdynamic -lpthreads 
/usr/bin/ld : ne peut trouver -lpthreads
collect2: error: ld returned 1 exit status
CMakeFiles/cmTC_a7dd9.dir/build.make:97 : la recette pour la cible « cmTC_a7dd9 » a échouée
make[1]: *** [cmTC_a7dd9] Erreur 1
make[1] : on quitte le répertoire « /usr/users/promo2018/zhou_fen/catkin_ws/build/carthoAuto/CMakeFiles/CMakeTmp »
Makefile:126 : la recette pour la cible « cmTC_a7dd9/fast » a échouée
make: *** [cmTC_a7dd9/fast] Erreur 2


