[  0%] Built target tf2_msgs_generate_messages_nodejs
[  0%] Built target actionlib_msgs_generate_messages_lisp
[  0%] Built target tf2_msgs_generate_messages_lisp
[  0%] Built target tf2_msgs_generate_messages_eus
[  0%] Built target sensor_msgs_generate_messages_cpp
[  0%] Built target std_msgs_generate_messages_eus
[  0%] Built target std_msgs_generate_messages_py
[  0%] Built target roscpp_generate_messages_lisp
[  0%] Built target rosgraph_msgs_generate_messages_lisp
[  0%] Built target roscpp_generate_messages_nodejs
[  0%] Built target tf_generate_messages_eus
[  0%] Built target rosgraph_msgs_generate_messages_nodejs
[  0%] Built target tf2_msgs_generate_messages_cpp
[  0%] Built target rosgraph_msgs_generate_messages_cpp
[  0%] Built target geometry_msgs_generate_messages_lisp
[  0%] Built target std_msgs_generate_messages_lisp
[  0%] Built target roscpp_generate_messages_eus
[  0%] Built target roscpp_generate_messages_cpp
[  0%] Built target actionlib_msgs_generate_messages_py
[  0%] Built target geometry_msgs_generate_messages_eus
[  0%] Built target geometry_msgs_generate_messages_nodejs
[  0%] Built target rosgraph_msgs_generate_messages_eus
[  0%] Built target actionlib_generate_messages_eus
[  0%] Built target tf_generate_messages_cpp
[  0%] Built target sensor_msgs_generate_messages_lisp
[  0%] Built target sensor_msgs_generate_messages_nodejs
[  0%] Built target geometry_msgs_generate_messages_cpp
[  0%] Built target std_msgs_generate_messages_nodejs
[  0%] Built target geometry_msgs_generate_messages_py
[  0%] Built target rosgraph_msgs_generate_messages_py
[  0%] Built target tf_generate_messages_lisp
[  0%] Built target roscpp_generate_messages_py
[  0%] Built target tf_generate_messages_py
[  0%] Built target tf_generate_messages_nodejs
[  0%] Built target sensor_msgs_generate_messages_py
[  0%] Built target actionlib_generate_messages_cpp
[  0%] Built target tf2_msgs_generate_messages_py
[  0%] Built target actionlib_msgs_generate_messages_nodejs
[  0%] Built target actionlib_msgs_generate_messages_eus
[  0%] Built target actionlib_generate_messages_lisp
[  0%] Built target sensor_msgs_generate_messages_eus
[  0%] Built target actionlib_msgs_generate_messages_cpp
[  0%] Built target std_msgs_generate_messages_cpp
[  0%] Built target actionlib_generate_messages_nodejs
[  0%] Built target actionlib_generate_messages_py
[35m[1mScanning dependencies of target v_repExtRosInterface[0m
[ 25%] [32mBuilding CXX object CMakeFiles/v_repExtRosInterface.dir/src/vrep_ros_interface.cpp.o[0m
[ 25%] [32mBuilding CXX object CMakeFiles/v_repExtRosInterface.dir/src/stubs.cpp.o[0m
In file included from [01m[K/usr/users/promo2018/zhou_fen/catkin_ws/src/v_repExtRosInterface/src/stubs.cpp:1:0[m[K:
[01m[K/usr/users/promo2018/zhou_fen/catkin_ws/src/v_repExtRosInterface/include/stubs.h:11:22:[m[K [01;31m[Kfatal error: [m[Kv_repLib.h: Aucun fichier ou dossier de ce type
 #include <v_repLib.h>
[01;32m[K                      ^[m[K
compilation terminated.
CMakeFiles/v_repExtRosInterface.dir/build.make:119 : la recette pour la cible « CMakeFiles/v_repExtRosInterface.dir/src/stubs.cpp.o » a échouée
make[2]: *** [CMakeFiles/v_repExtRosInterface.dir/src/stubs.cpp.o] Erreur 1
make[2]: *** Attente des tâches non terminées....
In file included from [01m[K/usr/users/promo2018/zhou_fen/catkin_ws/src/v_repExtRosInterface/include/vrep_ros_interface.h:107:0[m[K,
                 from [01m[K/usr/users/promo2018/zhou_fen/catkin_ws/src/v_repExtRosInterface/src/vrep_ros_interface.cpp:1[m[K:
[01m[K/usr/users/promo2018/zhou_fen/catkin_ws/src/v_repExtRosInterface/include/stubs.h:11:22:[m[K [01;31m[Kfatal error: [m[Kv_repLib.h: Aucun fichier ou dossier de ce type
 #include <v_repLib.h>
[01;32m[K                      ^[m[K
compilation terminated.
CMakeFiles/v_repExtRosInterface.dir/build.make:95 : la recette pour la cible « CMakeFiles/v_repExtRosInterface.dir/src/vrep_ros_interface.cpp.o » a échouée
make[2]: *** [CMakeFiles/v_repExtRosInterface.dir/src/vrep_ros_interface.cpp.o] Erreur 1
CMakeFiles/Makefile2:751 : la recette pour la cible « CMakeFiles/v_repExtRosInterface.dir/all » a échouée
make[1]: *** [CMakeFiles/v_repExtRosInterface.dir/all] Erreur 2
Makefile:138 : la recette pour la cible « all » a échouée
make: *** [all] Erreur 2
