[  0%] Built target tf2_msgs_generate_messages_nodejs
[  0%] Built target actionlib_msgs_generate_messages_lisp
[  0%] Built target tf2_msgs_generate_messages_eus
[  0%] Built target tf2_msgs_generate_messages_lisp
[  0%] Built target sensor_msgs_generate_messages_cpp
[  0%] Built target std_msgs_generate_messages_eus
[  0%] Built target std_msgs_generate_messages_py
[  0%] Built target roscpp_generate_messages_lisp
[  0%] Built target rosgraph_msgs_generate_messages_lisp
[  0%] Built target roscpp_generate_messages_nodejs
[  0%] Built target rosgraph_msgs_generate_messages_nodejs
[  0%] Built target tf_generate_messages_eus
[  0%] Built target rosgraph_msgs_generate_messages_cpp
[  0%] Built target tf2_msgs_generate_messages_cpp
[  0%] Built target std_msgs_generate_messages_lisp
[  0%] Built target geometry_msgs_generate_messages_lisp
[  0%] Built target roscpp_generate_messages_eus
[  0%] Built target geometry_msgs_generate_messages_eus
[  0%] Built target roscpp_generate_messages_cpp
[  0%] Built target actionlib_msgs_generate_messages_py
[  0%] Built target geometry_msgs_generate_messages_nodejs
[  0%] Built target tf_generate_messages_cpp
[  0%] Built target rosgraph_msgs_generate_messages_eus
[  0%] Built target actionlib_generate_messages_eus
[  0%] Built target sensor_msgs_generate_messages_lisp
[  0%] Built target sensor_msgs_generate_messages_nodejs
[  0%] Built target geometry_msgs_generate_messages_cpp
[  0%] Built target std_msgs_generate_messages_nodejs
[  0%] Built target geometry_msgs_generate_messages_py
[  0%] Built target tf_generate_messages_lisp
[  0%] Built target rosgraph_msgs_generate_messages_py
[  0%] Built target tf_generate_messages_nodejs
[  0%] Built target roscpp_generate_messages_py
[  0%] Built target tf_generate_messages_py
[  0%] Built target sensor_msgs_generate_messages_py
[  0%] Built target actionlib_generate_messages_cpp
[  0%] Built target tf2_msgs_generate_messages_py
[  0%] Built target actionlib_msgs_generate_messages_nodejs
[  0%] Built target actionlib_msgs_generate_messages_eus
[  0%] Built target sensor_msgs_generate_messages_eus
[  0%] Built target actionlib_generate_messages_lisp
[  0%] Built target std_msgs_generate_messages_cpp
[  0%] Built target actionlib_msgs_generate_messages_cpp
[  0%] Built target actionlib_generate_messages_nodejs
[  0%] Built target actionlib_generate_messages_py
[ 12%] [32m[1mLinking CXX shared library /usr/users/promo2018/zhou_fen/catkin_ws/devel/.private/vrep_ros_interface/lib/libv_repExtRosInterface.so[0m
/usr/bin/ld : ne peut trouver -lrospy
collect2: error: ld returned 1 exit status
CMakeFiles/v_repExtRosInterface.dir/build.make:333 : la recette pour la cible « /usr/users/promo2018/zhou_fen/catkin_ws/devel/.private/vrep_ros_interface/lib/libv_repExtRosInterface.so » a échouée
make[2]: *** [/usr/users/promo2018/zhou_fen/catkin_ws/devel/.private/vrep_ros_interface/lib/libv_repExtRosInterface.so] Erreur 1
CMakeFiles/Makefile2:751 : la recette pour la cible « CMakeFiles/v_repExtRosInterface.dir/all » a échouée
make[1]: *** [CMakeFiles/v_repExtRosInterface.dir/all] Erreur 2
Makefile:138 : la recette pour la cible « all » a échouée
make: *** [all] Erreur 2
