Determining if the pthread_create exist failed with the following output:
Change Dir: /usr/users/promo2018/zhou_fen/catkin_ws/build/koala_driver/CMakeFiles/CMakeTmp

Run Build Command:"/usr/bin/make" "cmTC_82844/fast"
/usr/bin/make -f CMakeFiles/cmTC_82844.dir/build.make CMakeFiles/cmTC_82844.dir/build
make[1] : on entre dans le répertoire « /usr/users/promo2018/zhou_fen/catkin_ws/build/koala_driver/CMakeFiles/CMakeTmp »
Building C object CMakeFiles/cmTC_82844.dir/CheckSymbolExists.c.o
/usr/bin/cc     -o CMakeFiles/cmTC_82844.dir/CheckSymbolExists.c.o   -c /usr/users/promo2018/zhou_fen/catkin_ws/build/koala_driver/CMakeFiles/CMakeTmp/CheckSymbolExists.c
Linking C executable cmTC_82844
/usr/bin/cmake -E cmake_link_script CMakeFiles/cmTC_82844.dir/link.txt --verbose=1
/usr/bin/cc       CMakeFiles/cmTC_82844.dir/CheckSymbolExists.c.o  -o cmTC_82844 -rdynamic 
CMakeFiles/cmTC_82844.dir/CheckSymbolExists.c.o : Dans la fonction « main » :
CheckSymbolExists.c:(.text+0x16) : référence indéfinie vers « pthread_create »
collect2: error: ld returned 1 exit status
CMakeFiles/cmTC_82844.dir/build.make:97 : la recette pour la cible « cmTC_82844 » a échouée
make[1]: *** [cmTC_82844] Erreur 1
make[1] : on quitte le répertoire « /usr/users/promo2018/zhou_fen/catkin_ws/build/koala_driver/CMakeFiles/CMakeTmp »
Makefile:126 : la recette pour la cible « cmTC_82844/fast » a échouée
make: *** [cmTC_82844/fast] Erreur 2

File /usr/users/promo2018/zhou_fen/catkin_ws/build/koala_driver/CMakeFiles/CMakeTmp/CheckSymbolExists.c:
/* */
#include <pthread.h>

int main(int argc, char** argv)
{
  (void)argv;
#ifndef pthread_create
  return ((int*)(&pthread_create))[argc];
#else
  (void)argc;
  return 0;
#endif
}

Determining if the function pthread_create exists in the pthreads failed with the following output:
Change Dir: /usr/users/promo2018/zhou_fen/catkin_ws/build/koala_driver/CMakeFiles/CMakeTmp

Run Build Command:"/usr/bin/make" "cmTC_8552c/fast"
/usr/bin/make -f CMakeFiles/cmTC_8552c.dir/build.make CMakeFiles/cmTC_8552c.dir/build
make[1] : on entre dans le répertoire « /usr/users/promo2018/zhou_fen/catkin_ws/build/koala_driver/CMakeFiles/CMakeTmp »
Building C object CMakeFiles/cmTC_8552c.dir/CheckFunctionExists.c.o
/usr/bin/cc    -DCHECK_FUNCTION_EXISTS=pthread_create   -o CMakeFiles/cmTC_8552c.dir/CheckFunctionExists.c.o   -c /usr/share/cmake-3.5/Modules/CheckFunctionExists.c
Linking C executable cmTC_8552c
/usr/bin/cmake -E cmake_link_script CMakeFiles/cmTC_8552c.dir/link.txt --verbose=1
/usr/bin/cc   -DCHECK_FUNCTION_EXISTS=pthread_create    CMakeFiles/cmTC_8552c.dir/CheckFunctionExists.c.o  -o cmTC_8552c -rdynamic -lpthreads 
/usr/bin/ld : ne peut trouver -lpthreads
collect2: error: ld returned 1 exit status
CMakeFiles/cmTC_8552c.dir/build.make:97 : la recette pour la cible « cmTC_8552c » a échouée
make[1]: *** [cmTC_8552c] Erreur 1
make[1] : on quitte le répertoire « /usr/users/promo2018/zhou_fen/catkin_ws/build/koala_driver/CMakeFiles/CMakeTmp »
Makefile:126 : la recette pour la cible « cmTC_8552c/fast » a échouée
make: *** [cmTC_8552c/fast] Erreur 2


